Wed Nov 27 2019 21:37:33 GMT+0330 (Iran Standard Time) : GET : /
Wed Nov 27 2019 21:41:19 GMT+0330 (Iran Standard Time) : GET : /
Wed Nov 27 2019 21:42:23 GMT+0330 (Iran Standard Time) : GET : /
Wed Nov 27 2019 21:43:34 GMT+0330 (Iran Standard Time) : GET : /
Wed Nov 27 2019 21:44:01 GMT+0330 (Iran Standard Time) : GET : /
Wed Nov 27 2019 21:44:01 GMT+0330 (Iran Standard Time) : GET : /favicon.ico
Wed Nov 27 2019 21:45:34 GMT+0330 (Iran Standard Time) : GET : /
Wed Nov 27 2019 21:46:06 GMT+0330 (Iran Standard Time) : GET : /
Wed Nov 27 2019 21:46:06 GMT+0330 (Iran Standard Time) : GET : /
Wed Nov 27 2019 21:46:13 GMT+0330 (Iran Standard Time) : GET : /
Thu Nov 28 2019 10:33:56 GMT+0330 (Iran Standard Time) : GET : /home
Thu Nov 28 2019 10:34:22 GMT+0330 (Iran Standard Time) : GET : /home
Thu Nov 28 2019 10:34:52 GMT+0330 (Iran Standard Time) : GET : /home
Thu Nov 28 2019 10:34:53 GMT+0330 (Iran Standard Time) : GET : /home
Thu Nov 28 2019 10:34:53 GMT+0330 (Iran Standard Time) : GET : /home
Thu Nov 28 2019 10:34:54 GMT+0330 (Iran Standard Time) : GET : /home
Thu Nov 28 2019 10:35:06 GMT+0330 (Iran Standard Time) : GET : /home
Thu Nov 28 2019 10:35:06 GMT+0330 (Iran Standard Time) : GET : /home
Thu Nov 28 2019 10:35:06 GMT+0330 (Iran Standard Time) : GET : /home
Thu Nov 28 2019 10:35:07 GMT+0330 (Iran Standard Time) : GET : /home
Thu Nov 28 2019 10:35:09 GMT+0330 (Iran Standard Time) : GET : /home
Thu Nov 28 2019 10:35:30 GMT+0330 (Iran Standard Time) : GET : /home
Thu Nov 28 2019 10:35:30 GMT+0330 (Iran Standard Time) : GET : /favicon.ico
Thu Nov 28 2019 10:35:39 GMT+0330 (Iran Standard Time) : GET : /home
Thu Nov 28 2019 10:35:39 GMT+0330 (Iran Standard Time) : GET : /home
Thu Nov 28 2019 10:35:40 GMT+0330 (Iran Standard Time) : GET : /home
Thu Nov 28 2019 10:35:40 GMT+0330 (Iran Standard Time) : GET : /home
Thu Nov 28 2019 10:35:59 GMT+0330 (Iran Standard Time) : GET : /home
Thu Nov 28 2019 10:36:00 GMT+0330 (Iran Standard Time) : GET : /home
Thu Nov 28 2019 10:48:10 GMT+0330 (Iran Standard Time) : GET : /home
Thu Nov 28 2019 10:49:02 GMT+0330 (Iran Standard Time) : GET : /home
Thu Nov 28 2019 10:49:39 GMT+0330 (Iran Standard Time) : GET : /home
Thu Nov 28 2019 10:49:43 GMT+0330 (Iran Standard Time) : GET : /home
Thu Nov 28 2019 10:49:44 GMT+0330 (Iran Standard Time) : GET : /home
Thu Nov 28 2019 10:49:51 GMT+0330 (Iran Standard Time) : GET : /home.hbs
Thu Nov 28 2019 11:17:36 GMT+0330 (Iran Standard Time) : GET : /home.hbs
Thu Nov 28 2019 11:17:40 GMT+0330 (Iran Standard Time) : GET : /home
Thu Nov 28 2019 11:20:59 GMT+0330 (Iran Standard Time) : GET : /home
Thu Nov 28 2019 11:21:00 GMT+0330 (Iran Standard Time) : GET : /home
Thu Nov 28 2019 11:21:16 GMT+0330 (Iran Standard Time) : GET : /home
Thu Nov 28 2019 11:21:17 GMT+0330 (Iran Standard Time) : GET : /home
Thu Nov 28 2019 11:21:17 GMT+0330 (Iran Standard Time) : GET : /home
Thu Nov 28 2019 11:21:17 GMT+0330 (Iran Standard Time) : GET : /home
Thu Nov 28 2019 11:21:18 GMT+0330 (Iran Standard Time) : GET : /home
Thu Nov 28 2019 11:21:18 GMT+0330 (Iran Standard Time) : GET : /home
Thu Nov 28 2019 11:21:46 GMT+0330 (Iran Standard Time) : GET : /home
Thu Nov 28 2019 11:22:42 GMT+0330 (Iran Standard Time) : GET : /home
Thu Nov 28 2019 11:23:09 GMT+0330 (Iran Standard Time) : GET : /home
Thu Nov 28 2019 11:24:03 GMT+0330 (Iran Standard Time) : GET : /home
Thu Nov 28 2019 11:24:04 GMT+0330 (Iran Standard Time) : GET : /home
Thu Nov 28 2019 11:24:40 GMT+0330 (Iran Standard Time) : GET : /home
Thu Nov 28 2019 11:24:41 GMT+0330 (Iran Standard Time) : GET : /home
Thu Nov 28 2019 11:24:53 GMT+0330 (Iran Standard Time) : GET : /home
Thu Nov 28 2019 11:25:13 GMT+0330 (Iran Standard Time) : GET : /home
Thu Nov 28 2019 11:25:13 GMT+0330 (Iran Standard Time) : GET : /home
Thu Nov 28 2019 11:25:13 GMT+0330 (Iran Standard Time) : GET : /home
Thu Nov 28 2019 11:25:44 GMT+0330 (Iran Standard Time) : GET : /home
Thu Nov 28 2019 11:25:45 GMT+0330 (Iran Standard Time) : GET : /home
Thu Nov 28 2019 11:25:45 GMT+0330 (Iran Standard Time) : GET : /home
Thu Nov 28 2019 11:25:45 GMT+0330 (Iran Standard Time) : GET : /home
Thu Nov 28 2019 11:26:21 GMT+0330 (Iran Standard Time) : GET : /home
Thu Nov 28 2019 11:26:22 GMT+0330 (Iran Standard Time) : GET : /home
Thu Nov 28 2019 11:26:22 GMT+0330 (Iran Standard Time) : GET : /home
Thu Nov 28 2019 11:26:40 GMT+0330 (Iran Standard Time) : GET : /home
